<?xml version="1.0" encoding="UTF-8"?>
<testsuite xmlns:xsi="http://www.w3.org/2001/XMLSchema-instance" xsi:noNamespaceSchemaLocation="https://maven.apache.org/surefire/maven-surefire-plugin/xsd/surefire-test-report-3.0.xsd" version="3.0" name="uk.co.correvate.hr.devops.DevopsUnitTest" time="4.013" tests="2" errors="0" skipped="0" failures="0">
  <properties>
[...]
</properties>
  <testcase name="oldVersionTest" classname="uk.co.correvate.hr.devops.DevopsUnitTest" time="3.42">
    <system-out><![CDATA[22:35:08.065 [main] INFO  o.s.b.t.c.SpringBootTestContextBootstrapper - Neither @ContextConfiguration nor @ContextHierarchy found for test class [uk.co.correvate.hr.devops.DevopsUnitTest], using SpringBootContextLoader
22:35:08.072 [main] INFO  o.s.t.c.s.AbstractContextLoader - Could not detect default resource locations for test class [uk.co.correvate.hr.devops.DevopsUnitTest]: no resource found for suffixes {-context.xml, Context.groovy}.
22:35:08.073 [main] INFO  o.s.t.c.s.AnnotationConfigContextLoaderUtils - Could not detect default configuration classes for test class [uk.co.correvate.hr.devops.DevopsUnitTest]: DevopsUnitTest does not declare any static, non-private, non-final, nested classes annotated with @Configuration.
22:35:08.196 [main] INFO  o.s.b.t.c.SpringBootTestContextBootstrapper - Found @SpringBootConfiguration uk.co.correvate.hr.devops.DevopsTestApp for test class uk.co.correvate.hr.devops.DevopsUnitTest
22:35:08.300 [main] INFO  o.s.b.t.c.SpringBootTestContextBootstrapper - Loaded default TestExecutionListener class names from location [META-INF/spring.factories]: [org.springframework.boot.test.mock.mockito.MockitoTestExecutionListener, org.springframework.boot.test.mock.mockito.ResetMocksTestExecutionListener, org.springframework.boot.test.autoconfigure.restdocs.RestDocsTestExecutionListener, org.springframework.boot.test.autoconfigure.web.client.MockRestServiceServerResetTestExecutionListener, org.springframework.boot.test.autoconfigure.web.servlet.MockMvcPrintOnlyOnFailureTestExecutionListener, org.springframework.boot.test.autoconfigure.web.servlet.WebDriverTestExecutionListener, org.springframework.boot.test.autoconfigure.webservices.client.MockWebServiceServerTestExecutionListener, org.springframework.test.context.web.ServletTestExecutionListener, org.springframework.test.context.support.DirtiesContextBeforeModesTestExecutionListener, org.springframework.test.context.support.DependencyInjectionTestExecutionListener, org.springframework.test.context.support.DirtiesContextTestExecutionListener, org.springframework.test.context.transaction.TransactionalTestExecutionListener, org.springframework.test.context.jdbc.SqlScriptsTestExecutionListener, org.springframework.test.context.event.EventPublishingTestExecutionListener]
22:35:08.314 [main] INFO  o.s.b.t.c.SpringBootTestContextBootstrapper - Using TestExecutionListeners: [org.springframework.test.context.web.ServletTestExecutionListener@5ccbeb64, org.springframework.test.context.support.DirtiesContextBeforeModesTestExecutionListener@6d9f7a80, org.springframework.boot.test.mock.mockito.MockitoTestExecutionListener@59252cb6, org.springframework.boot.test.autoconfigure.SpringBootDependencyInjectionTestExecutionListener@31d0e481, org.springframework.test.context.support.DirtiesContextTestExecutionListener@3243b914, org.springframework.test.context.event.EventPublishingTestExecutionListener@241e8ea6, org.springframework.boot.test.mock.mockito.ResetMocksTestExecutionListener@542e560f, org.springframework.boot.test.autoconfigure.restdocs.RestDocsTestExecutionListener@626c44e7, org.springframework.boot.test.autoconfigure.web.client.MockRestServiceServerResetTestExecutionListener@4dc8caa7, org.springframework.boot.test.autoconfigure.web.servlet.MockMvcPrintOnlyOnFailureTestExecutionListener@1d730606, org.springframework.boot.test.autoconfigure.web.servlet.WebDriverTestExecutionListener@3bcbb589, org.springframework.boot.test.autoconfigure.webservices.client.MockWebServiceServerTestExecutionListener@3b00856b]

  .   ____          _            __ _ _
 /\\ / ___'_ __ _ _(_)_ __  __ _ \ \ \ \
( ( )\___ | '_ | '_| | '_ \/ _` | \ \ \ \
 \\/  ___)| |_)| | | | | || (_| |  ) ) ) )
  '  |____| .__|_| |_|_| |_\__, | / / / /
 =========|_|==============|___/=/_/_/_/
 :: Spring Boot ::        (v2.3.1.RELEASE)

22:35:08.610 [main] INFO  u.c.c.hr.devops.DevopsUnitTest - Starting DevopsUnitTest on Prageeth-Pasyala's-MacBook---C02FT5RPML7H with PID 63624 (started by prageeth.pasyala in /Users/prageeth.pasyala/Downloads/interview-devops 3/my-api)
22:35:08.611 [main] INFO  u.c.c.hr.devops.DevopsUnitTest - No active profile set, falling back to default profiles: default
22:35:10.187 [main] INFO  u.c.c.hr.devops.DevopsTestApp - Starting awesome application uk.co.correvate.hr.devops:my-api:1.0.1.1591234568 ...
22:35:10.695 [main] INFO  o.s.s.c.ThreadPoolTaskExecutor - Initializing ExecutorService 'applicationTaskExecutor'
22:35:11.126 [main] INFO  o.s.b.a.e.web.EndpointLinksResolver - Exposing 2 endpoint(s) beneath base path '/actuator'
22:35:11.184 [main] INFO  u.c.c.hr.devops.DevopsUnitTest - Started DevopsUnitTest in 2.818 seconds (JVM running for 3.974)
]]></system-out>
  </testcase>
  <testcase name="versionFormatTest" classname="uk.co.correvate.hr.devops.DevopsUnitTest" time="0.01"/>
</testsuite>